% MH log file (Dynare).
% 20-Sep-2022 19:47:13.
 

% Session 1.
 
  Number of blocks...............: 2
  Number of simulations per block: 4000000
 
  Initial values of the parameters:
    Blck 1:
      params:1: 0.1239
      params:2: 0.019801
      params:3: 0.0036632
      params:4: 0.0035587
      params:5: 0.064833
      params:6: 0.0035877
      params:7: 0.9956
      params:8: 0.99682
      params:9: 0.71554
      params:10: 0.99632
      params:11: 0.99132
      params:12: 0.2436
      params:13: 0.27368
      params:14: 0.10031
      params:15: 5.3041
      logpo2: 2663.444
    Blck 2:
      params:1: 0.12212
      params:2: 0.019113
      params:3: 0.0041184
      params:4: 0.0036853
      params:5: 0.075637
      params:6: 0.0036232
      params:7: 0.99529
      params:8: 0.99658
      params:9: 0.70338
      params:10: 0.9956
      params:11: 0.99433
      params:12: 0.25774
      params:13: 0.28006
      params:14: 0.080946
      params:15: 4.9659
      logpo2: 2666.21
 
 
  CREATION OF THE MH HISTORY FILE!

    Expected number of files per block.......: 6.
    Expected number of lines in the last file: 323525.

    Initial state of the Gaussian random number generator for chain number 1:
      1
      1812433254
      3713160357
      3109174145
      64984499
      3392658084
      446538473
      2629760756
      2453345558
      1394803949
      1021787430
      2063496713
      1304877364
      1713639158
      889001601
      1651239412
      1450863289
      745575081
      361057727
      2288771950
      1463387568
      2249488362
      26637982
      204036717
      1655702041
      1329048465
      2092351466
      1681619666
      3220660315
      1301783610
      626286181
      294669048
      3537128440
      3259518248
      2550101273
      1160881866
      308703547
      295714668
      35508674
      1599247281
      376272024
      3166459937
      1852735737
      3680868867
      612352556
      2760189833
      3816750341
      699140493
      1087846865
      394927937
      2063539671
      645417889
      2337669049
      3773167612
      678121169
      3006984620
      1163491294
      2559287860
      543155592
      3194181347
      2463543297
      3875146860
      475483913
      3707568076
      3881808875
      1264657097
      208126250
      1802809301
      367907560
      2433375693
      2851326449
      2380707878
      2911758972
      4243386879
      2229228726
      828161871
      2871116151
      990638198
      178193628
      1012573979
      1223581943
      3333023583
      1901888414
      3913876750
      3168662389
      656194888
      1553610174
      466840498
      686407570
      280737523
      2476489017
      1272981410
      3189431979
      3294710282
      1564477163
      4133221553
      823708826
      880616227
      1730254897
      335723347
      2123911971
      344194767
      119099153
      2915257116
      3339825470
      2524942970
      1191117250
      3403812186
      3988972937
      2575395295
      4072737183
      663832315
      808080503
      724042340
      2966189542
      2499643239
      3309205581
      1915303227
      72616536
      387525935
      2791701251
      2190905566
      3740328774
      831297460
      3750964864
      2190112044
      899144100
      2346558003
      3851695829
      2896963823
      1548614403
      3676707405
      2050891594
      4165893148
      1883017153
      2668787527
      50330561
      2063572142
      1853585557
      1716111087
      2937248370
      1650859709
      2682305722
      565243175
      3922227187
      3482032705
      2809081500
      2099376873
      230358556
      1065827745
      196966939
      3268845630
      3625508265
      1477799595
      4149453740
      2757835686
      3032697936
      2200108791
      3421680711
      4145382259
      3605253072
      1186485728
      3520482151
      3080733463
      3887314157
      4030447755
      1699987022
      1393253586
      1710066407
      710337383
      3754612557
      2741088369
      337455371
      1304761604
      3592681639
      3099385187
      4003676405
      317081535
      997754381
      480565460
      3806265432
      1068029852
      776179010
      470617537
      3653875421
      2273571919
      1055365147
      1317172834
      3414733003
      2835400613
      28845217
      631741764
      2334552212
      3565466095
      1225096926
      1277781438
      2416008223
      1268768054
      2750789241
      267768398
      2175383438
      268654341
      2550530755
      2971623408
      1666669894
      1934871760
      509782083
      2798468670
      2834016892
      2494149255
      1965005899
      2653045765
      2317194903
      1297426078
      916214929
      2967861004
      2236807006
      2476725285
      128488253
      4277714156
      3016192551
      1690883702
      1329810641
      593010415
      2341313579
      1754238478
      1242698701
      2152594527
      2103269013
      926178633
      647225267
      4243787142
      1489208161
      3188798921
      1327553793
      3644600811
      684513652
      2606555057
      2705329549
      2557469018
      1294205096
      70104222
      3020083528
      2015571237
      2768573480
      401698695
      2812362809
      328919870
      984940142
      1653817439
      471643152
      538942283
      2040555667
      1211982999
      1663497772
      2941793728
      3001026698
      313271977
      3644502703
      2423950047
      2629046069
      3450826936
      44600781
      2633869288
      4267014746
      4204914470
      1955987363
      2590608885
      2120168063
      1460034243
      258056600
      3693550087
      779446436
      902696389
      4228701387
      3165791227
      3478614865
      1500865135
      905884796
      3682046467
      2437847832
      2595888219
      4144484663
      1299603103
      648536946
      1762836247
      4265749196
      950840266
      2928992722
      2051369009
      2071186450
      1164619682
      210405235
      1296628868
      2425474719
      4083386904
      1978331343
      3190898799
      602128683
      2003319330
      1043377147
      756690484
      24776626
      1835824233
      1156421176
      2125448878
      1333136189
      607751135
      4255614767
      4238533009
      2583175632
      230472465
      3037259757
      1546348932
      2537279411
      110471952
      520621708
      63613561
      2843673595
      775036
      1899744556
      1168115970
      2685086321
      3410250658
      3151102153
      634647644
      3639125394
      3344624764
      1525171811
      1878800371
      3356530116
      3676542926
      602053165
      2686708238
      3703555082
      3754961372
      3970030923
      1749014201
      3391107050
      2478152000
      2121779806
      2636689360
      769835312
      4230539591
      1909812524
      417081626
      3096519324
      387659697
      3764499249
      3452925463
      3818277698
      3008920324
      15253694
      1479260759
      2421328720
      2220743357
      38831551
      1032912064
      3400956198
      2362808832
      3988706866
      1950464958
      3248573125
      1225815945
      1211036180
      346407094
      3867176764
      1257086026
      2725236231
      2843735658
      4147241082
      1729974832
      1256499145
      3765975901
      784776076
      4288277427
      3903532520
      3431522864
      2792589977
      2935989154
      3536596892
      3512984120
      605476293
      1774961976
      981422589
      822525778
      3343539932
      422954622
      1323482938
      2523465420
      2746609356
      1664448205
      272567300
      711582493
      3625722107
      3615865699
      950619756
      2864168489
      108006277
      3976313352
      680217319
      173747636
      291134870
      198587329
      595310009
      941470866
      2438488368
      1681923153
      1654783272
      3531789254
      4149541715
      2922706987
      684907209
      3116688362
      3288142886
      3953377592
      3332428007
      1400401813
      3745921798
      1701705628
      3744511893
      1838265811
      3314032512
      3894840150
      3810031409
      181324387
      983160249
      1444959400
      3836664153
      3032673327
      310789231
      3701565562
      1407580781
      2511575629
      3113822685
      1777261998
      2208898751
      106383174
      2961020500
      995776421
      3306087121
      2181030035
      2300064751
      1909543740
      4023156173
      1671619075
      2151956104
      237668401
      3204511253
      1303668692
      3868259787
      2737897899
      4091026033
      2877780671
      134376279
      398912026
      863520778
      3712468923
      3443213666
      2183809552
      2597379302
      349776833
      274697715
      4266593710
      4282186769
      3530757867
      520237914
      3369037397
      2285670338
      387086485
      618942879
      219892882
      2008897906
      2293749560
      2907436476
      3853296593
      327550390
      1558751403
      2125694704
      1822570484
      2409968265
      436622776
      2691124090
      1080819771
      2958107334
      2667158841
      2117901613
      440045635
      3861104471
      3574962701
      3210299248
      1368601573
      2434039520
      86704919
      3628108033
      1909858745
      227461000
      2530509465
      838433817
      730224848
      1060658180
      1318482825
      233266846
      2352800845
      2086493219
      3826355555
      3174377690
      1455208243
      1356597942
      663563056
      2501819374
      4213535259
      1585241464
      873997246
      2597898744
      427064229
      1587746589
      259660817
      1688808891
      4165834345
      1359025114
      2013923952
      2963511711
      2903220732
      356112706
      501549847
      1609412897
      1685128111
      2639303606
      700554261
      914150235
      2010650618
      2029243163
      3046509911
      715702687
      2206956754
      3045298216
      2922667179
      2497577415
      3001819604
      706666890
      2275923855
      3094184383
      2781697712
      3292952666
      4238614078
      278500659
      1440033346
      1552714131
      336554687
      2842580609
      2255044310
      2180071372
      99970159
      2078552309
      1172694639
      1359399314
      546452524
      349053834
      3072254369
      3043246719
      3314426498
      1594992663
      3582269665
      2114045278
      585873328
      840739494
      3475778485
      1506518790
      4008486652
      229989333
      3582278212
      363921215
      3592842520
      1833533669
      708173875
      564248927
      853943228
      2282731374
      2874158047
      3978663285
      2332696531
      1354524859
      58121641
      1445193461
      1936635021
      3374328198
      3465253060
      385589199
      1819596280
      912895627
      1877426726
      733280947
      2004202992
      3311780711
      3732053191
      309903272
      97290141
      2945419335
      3916477072
      1326195031
      3740938055
      3604745262
      3633308956
      3392929431
      1257547457
      251825182
      3318700085
      847033774
      137350663
      1716455973
      546850455
      4227574519
      3044214953
      2259874013
      2442748258
      2956971336
      2198772379
      1269686727
      2648116105
      1339159363
      1473334647
      2386671612
      2069268389
      624
    Initial state of the Uniform random number generator for chain number 1:
      1
      1812433254
      3713160357
      3109174145
      64984499
      3392658084
      446538473
      2629760756
      2453345558
      1394803949
      1021787430
      2063496713
      1304877364
      1713639158
      889001601
      1651239412
      1450863289
      745575081
      361057727
      2288771950
      1463387568
      2249488362
      26637982
      204036717
      1655702041
      1329048465
      2092351466
      1681619666
      3220660315
      1301783610
      626286181
      294669048
      3537128440
      3259518248
      2550101273
      1160881866
      308703547
      295714668
      35508674
      1599247281
      376272024
      3166459937
      1852735737
      3680868867
      612352556
      2760189833
      3816750341
      699140493
      1087846865
      394927937
      2063539671
      645417889
      2337669049
      3773167612
      678121169
      3006984620
      1163491294
      2559287860
      543155592
      3194181347
      2463543297
      3875146860
      475483913
      3707568076
      3881808875
      1264657097
      208126250
      1802809301
      367907560
      2433375693
      2851326449
      2380707878
      2911758972
      4243386879
      2229228726
      828161871
      2871116151
      990638198
      178193628
      1012573979
      1223581943
      3333023583
      1901888414
      3913876750
      3168662389
      656194888
      1553610174
      466840498
      686407570
      280737523
      2476489017
      1272981410
      3189431979
      3294710282
      1564477163
      4133221553
      823708826
      880616227
      1730254897
      335723347
      2123911971
      344194767
      119099153
      2915257116
      3339825470
      2524942970
      1191117250
      3403812186
      3988972937
      2575395295
      4072737183
      663832315
      808080503
      724042340
      2966189542
      2499643239
      3309205581
      1915303227
      72616536
      387525935
      2791701251
      2190905566
      3740328774
      831297460
      3750964864
      2190112044
      899144100
      2346558003
      3851695829
      2896963823
      1548614403
      3676707405
      2050891594
      4165893148
      1883017153
      2668787527
      50330561
      2063572142
      1853585557
      1716111087
      2937248370
      1650859709
      2682305722
      565243175
      3922227187
      3482032705
      2809081500
      2099376873
      230358556
      1065827745
      196966939
      3268845630
      3625508265
      1477799595
      4149453740
      2757835686
      3032697936
      2200108791
      3421680711
      4145382259
      3605253072
      1186485728
      3520482151
      3080733463
      3887314157
      4030447755
      1699987022
      1393253586
      1710066407
      710337383
      3754612557
      2741088369
      337455371
      1304761604
      3592681639
      3099385187
      4003676405
      317081535
      997754381
      480565460
      3806265432
      1068029852
      776179010
      470617537
      3653875421
      2273571919
      1055365147
      1317172834
      3414733003
      2835400613
      28845217
      631741764
      2334552212
      3565466095
      1225096926
      1277781438
      2416008223
      1268768054
      2750789241
      267768398
      2175383438
      268654341
      2550530755
      2971623408
      1666669894
      1934871760
      509782083
      2798468670
      2834016892
      2494149255
      1965005899
      2653045765
      2317194903
      1297426078
      916214929
      2967861004
      2236807006
      2476725285
      128488253
      4277714156
      3016192551
      1690883702
      1329810641
      593010415
      2341313579
      1754238478
      1242698701
      2152594527
      2103269013
      926178633
      647225267
      4243787142
      1489208161
      3188798921
      1327553793
      3644600811
      684513652
      2606555057
      2705329549
      2557469018
      1294205096
      70104222
      3020083528
      2015571237
      2768573480
      401698695
      2812362809
      328919870
      984940142
      1653817439
      471643152
      538942283
      2040555667
      1211982999
      1663497772
      2941793728
      3001026698
      313271977
      3644502703
      2423950047
      2629046069
      3450826936
      44600781
      2633869288
      4267014746
      4204914470
      1955987363
      2590608885
      2120168063
      1460034243
      258056600
      3693550087
      779446436
      902696389
      4228701387
      3165791227
      3478614865
      1500865135
      905884796
      3682046467
      2437847832
      2595888219
      4144484663
      1299603103
      648536946
      1762836247
      4265749196
      950840266
      2928992722
      2051369009
      2071186450
      1164619682
      210405235
      1296628868
      2425474719
      4083386904
      1978331343
      3190898799
      602128683
      2003319330
      1043377147
      756690484
      24776626
      1835824233
      1156421176
      2125448878
      1333136189
      607751135
      4255614767
      4238533009
      2583175632
      230472465
      3037259757
      1546348932
      2537279411
      110471952
      520621708
      63613561
      2843673595
      775036
      1899744556
      1168115970
      2685086321
      3410250658
      3151102153
      634647644
      3639125394
      3344624764
      1525171811
      1878800371
      3356530116
      3676542926
      602053165
      2686708238
      3703555082
      3754961372
      3970030923
      1749014201
      3391107050
      2478152000
      2121779806
      2636689360
      769835312
      4230539591
      1909812524
      417081626
      3096519324
      387659697
      3764499249
      3452925463
      3818277698
      3008920324
      15253694
      1479260759
      2421328720
      2220743357
      38831551
      1032912064
      3400956198
      2362808832
      3988706866
      1950464958
      3248573125
      1225815945
      1211036180
      346407094
      3867176764
      1257086026
      2725236231
      2843735658
      4147241082
      1729974832
      1256499145
      3765975901
      784776076
      4288277427
      3903532520
      3431522864
      2792589977
      2935989154
      3536596892
      3512984120
      605476293
      1774961976
      981422589
      822525778
      3343539932
      422954622
      1323482938
      2523465420
      2746609356
      1664448205
      272567300
      711582493
      3625722107
      3615865699
      950619756
      2864168489
      108006277
      3976313352
      680217319
      173747636
      291134870
      198587329
      595310009
      941470866
      2438488368
      1681923153
      1654783272
      3531789254
      4149541715
      2922706987
      684907209
      3116688362
      3288142886
      3953377592
      3332428007
      1400401813
      3745921798
      1701705628
      3744511893
      1838265811
      3314032512
      3894840150
      3810031409
      181324387
      983160249
      1444959400
      3836664153
      3032673327
      310789231
      3701565562
      1407580781
      2511575629
      3113822685
      1777261998
      2208898751
      106383174
      2961020500
      995776421
      3306087121
      2181030035
      2300064751
      1909543740
      4023156173
      1671619075
      2151956104
      237668401
      3204511253
      1303668692
      3868259787
      2737897899
      4091026033
      2877780671
      134376279
      398912026
      863520778
      3712468923
      3443213666
      2183809552
      2597379302
      349776833
      274697715
      4266593710
      4282186769
      3530757867
      520237914
      3369037397
      2285670338
      387086485
      618942879
      219892882
      2008897906
      2293749560
      2907436476
      3853296593
      327550390
      1558751403
      2125694704
      1822570484
      2409968265
      436622776
      2691124090
      1080819771
      2958107334
      2667158841
      2117901613
      440045635
      3861104471
      3574962701
      3210299248
      1368601573
      2434039520
      86704919
      3628108033
      1909858745
      227461000
      2530509465
      838433817
      730224848
      1060658180
      1318482825
      233266846
      2352800845
      2086493219
      3826355555
      3174377690
      1455208243
      1356597942
      663563056
      2501819374
      4213535259
      1585241464
      873997246
      2597898744
      427064229
      1587746589
      259660817
      1688808891
      4165834345
      1359025114
      2013923952
      2963511711
      2903220732
      356112706
      501549847
      1609412897
      1685128111
      2639303606
      700554261
      914150235
      2010650618
      2029243163
      3046509911
      715702687
      2206956754
      3045298216
      2922667179
      2497577415
      3001819604
      706666890
      2275923855
      3094184383
      2781697712
      3292952666
      4238614078
      278500659
      1440033346
      1552714131
      336554687
      2842580609
      2255044310
      2180071372
      99970159
      2078552309
      1172694639
      1359399314
      546452524
      349053834
      3072254369
      3043246719
      3314426498
      1594992663
      3582269665
      2114045278
      585873328
      840739494
      3475778485
      1506518790
      4008486652
      229989333
      3582278212
      363921215
      3592842520
      1833533669
      708173875
      564248927
      853943228
      2282731374
      2874158047
      3978663285
      2332696531
      1354524859
      58121641
      1445193461
      1936635021
      3374328198
      3465253060
      385589199
      1819596280
      912895627
      1877426726
      733280947
      2004202992
      3311780711
      3732053191
      309903272
      97290141
      2945419335
      3916477072
      1326195031
      3740938055
      3604745262
      3633308956
      3392929431
      1257547457
      251825182
      3318700085
      847033774
      137350663
      1716455973
      546850455
      4227574519
      3044214953
      2259874013
      2442748258
      2956971336
      2198772379
      1269686727
      2648116105
      1339159363
      1473334647
      2386671612
      2069268389
      624
    Initial state of the Gaussian random number generator for chain number 2:
      2
      3624866507
      846688490
      2733819477
      1447939927
      2751582963
      523383323
      3998955438
      1552125001
      468770929
      3174827423
      721042428
      3535242872
      3938247060
      2422198177
      2908759646
      3086638684
      3470362919
      4130561862
      1461945164
      1969357429
      3290893273
      2478135064
      2883471193
      442423807
      3020847284
      3712550376
      2942769362
      3450083884
      2131393448
      1760508619
      1079921617
      2926983472
      3248378587
      2176075610
      3115728347
      149850049
      1325979722
      2018146493
      3978444371
      1443587512
      3757974310
      4061506243
      3324845547
      103150772
      1574559537
      4189437470
      909936288
      4165778768
      954014960
      3460881122
      1208468472
      4206858865
      2349975855
      1139307511
      612263493
      4068230769
      836291891
      3502129241
      3858075069
      720214578
      1721800695
      1583913548
      3992130976
      1391510671
      3658451527
      3506172182
      3137165964
      3175921738
      668679341
      2981266823
      1736825536
      3777468269
      2427100335
      2783143307
      3066847320
      413674958
      3816771731
      3611810078
      2387881408
      1275125722
      4146169016
      4116607257
      1753188757
      2919070648
      642669239
      3128342921
      3505362734
      3299392025
      4041168539
      194806354
      2126204085
      1155372896
      3507921570
      4183642851
      390828735
      965876923
      2502060328
      3640719348
      500564950
      2958494162
      726085493
      3551417999
      1038946723
      2355966135
      2266502354
      2169734778
      103957955
      2239750491
      3497757066
      3960902779
      3919891399
      2708228292
      672443535
      3966344157
      3039186185
      3064219851
      3275966658
      1958870427
      3363207225
      1051359578
      1034488571
      4218333313
      3731099077
      826434970
      3066527807
      503397775
      2203570410
      1724486664
      1174354190
      379816557
      949285508
      1512592024
      4098586594
      4162106699
      1244073455
      4049526126
      149401994
      2486298108
      2645994433
      4048691067
      2760221413
      1429726385
      155150847
      263670059
      1839522184
      1971211423
      2988886249
      2906654795
      2763085410
      3184555126
      2428241499
      1912808117
      2344289693
      1914982229
      303251647
      3363291895
      1933606625
      4101500670
      3877744496
      2270413823
      1339668594
      2478854401
      2974781906
      1176295348
      1522792462
      3413763473
      1643164993
      1773585128
      600348566
      3831305432
      3739184658
      2927920737
      921239740
      2960516826
      653634535
      4282151379
      3899733953
      2848969276
      506667305
      2064254689
      2562889493
      1027730377
      2964297732
      1573662998
      1400221132
      604719003
      2600612834
      1086412828
      2839169326
      2237360922
      2533955895
      2173128617
      3585208888
      225649929
      3162402384
      2737400094
      945452241
      32174139
      4057815822
      3681149417
      538074139
      1665518193
      1290718971
      1204908910
      1752298136
      1576507435
      1950581601
      395392432
      3117768513
      1610510657
      582872851
      3882188371
      3486754405
      3612818708
      79522282
      3654222890
      554014214
      2795988792
      2699019453
      768333623
      1041848464
      1012203950
      3207710853
      2191875363
      2180736998
      3657761238
      2596779756
      1513261770
      298083836
      921966930
      2568544321
      480859735
      4268007484
      757985477
      442264484
      4253891744
      178333756
      3653303450
      2759887436
      1625051062
      2140496676
      2583817099
      109920000
      3849378804
      587135080
      3965692414
      3584128712
      2496889359
      4066788634
      3439502551
      1041005727
      2784445111
      4231212902
      3427909847
      306088099
      708846671
      1357224748
      81546947
      1013346034
      3328657534
      1140162390
      1617022297
      451026111
      4191194979
      2544038377
      3358406081
      2078869653
      1150523248
      3663542690
      2315642515
      380539204
      125351140
      2913559301
      3540242901
      1353142401
      2409055124
      3136483651
      3384539323
      2622200239
      1322006361
      60288721
      1836454543
      3378860321
      1028797830
      784192763
      3200015141
      4280866434
      3480136453
      1163505791
      1464340696
      39962560
      3132723172
      4035042531
      3968861574
      2859031456
      1997068818
      2914465192
      3299223356
      658977798
      2383986058
      3689451477
      1855211164
      613736992
      3399505872
      721916528
      1214953314
      1978881602
      1644160163
      868083487
      1886701425
      2430443623
      3238614545
      440178771
      4122051833
      168378845
      4075897453
      784209059
      2122211469
      1029375099
      3987445959
      1993353877
      3774218662
      259191900
      463709584
      3256509205
      2970214132
      32546389
      3103585745
      404744328
      1405060850
      3194833450
      2229644052
      1287997179
      1168559088
      4253642852
      456227059
      115590192
      959060034
      2523194717
      2921813711
      2660496694
      1661244122
      3949077694
      546088169
      3927753286
      758289299
      4076004698
      2818580089
      297327332
      391012690
      1698646201
      1827285496
      2057818526
      45927453
      4001566164
      1358792247
      340974259
      3667858693
      2116911813
      1716223164
      3870579962
      565768359
      1330729550
      1682620823
      640788379
      2642810005
      722202626
      3342124090
      1046670574
      1884608856
      926507664
      4048745540
      1013276792
      1474775246
      3319759394
      683213181
      3644095690
      4261137863
      1171395535
      1797066690
      2184942700
      3136450276
      2403915837
      19925339
      3530712424
      693454777
      4095102592
      2791708211
      2407398362
      191034814
      1405068157
      1635573108
      3002727858
      2503231482
      1877745251
      2971168822
      4095482385
      2810703016
      116218529
      663481365
      3424543450
      181543471
      2088477982
      3758013903
      4087811857
      2306315696
      1797804753
      3739876776
      1052678416
      2961962218
      530565411
      1084430187
      600176751
      2920770665
      1395657430
      2275563379
      1945041462
      2897291349
      3202120438
      2541033448
      3395594999
      1440745450
      554493022
      3604900030
      1693940026
      2048944369
      2776750171
      1064369609
      1004778234
      3631442000
      111252846
      2495206422
      1549492629
      1917957398
      2076623558
      2065193271
      3503495683
      305349558
      1064312453
      4180949297
      3969143923
      1187332586
      1837549170
      1199888411
      801451519
      878812761
      3366984668
      1132353467
      467740707
      1531220625
      1986847891
      3611709790
      97771638
      2599466580
      921040821
      3695024433
      598160515
      1067897977
      1070962312
      4203425140
      3330187456
      3176319421
      400150826
      1778712930
      1332512992
      356084631
      3210494822
      3878886472
      4217065068
      17324705
      1194519644
      169871241
      594168806
      4141353368
      2812067586
      1007574236
      3143655593
      1231988821
      990469891
      731912463
      3875269580
      3107901837
      3268884046
      51553093
      3265091870
      2827988823
      215460720
      1810208024
      235746758
      2640785160
      3542608605
      3212999042
      3019862381
      2776967609
      2566622134
      3136123892
      3329714175
      1537598558
      1111683694
      1831866047
      1527480555
      1374492744
      2861082564
      2283612438
      3725126365
      1934064016
      976785712
      1985214956
      1901883774
      3769548825
      1651881537
      3535350080
      2666996848
      287335676
      716617071
      1798766031
      2468831819
      2653018579
      2711800444
      2500416446
      1688315701
      3098398094
      2389050951
      259942469
      3096384070
      2434046690
      2292847
      2179858651
      860453038
      1112784056
      806844432
      2431840356
      3444142163
      491004326
      4117569173
      1468356934
      1230256668
      3558831243
      360563651
      1723242763
      2771827983
      555715903
      1690465018
      3642536487
      312708693
      2718279339
      3439997904
      3381092195
      269681413
      3040927775
      2538795672
      2982421226
      3983011761
      4012234084
      3807531726
      4152713741
      2675650483
      3522595843
      2603695663
      1139711729
      415442657
      821281271
      1153021862
      4196324887
      2034707481
      1146437550
      645908802
      3958160194
      1331866590
      3875612725
      2742273417
      2083607827
      1367028823
      3405229612
      926409162
      359084274
      428200891
      1580768777
      723559275
      390184571
      1966930892
      1114312487
      4049752645
      2713447910
      313516349
      1670939739
      2155242445
      415771127
      1060028352
      810510606
      1441723093
      3674555380
      1244922308
      1138369035
      2811021893
      4005351255
      1455276665
      3073897390
      1949184307
      4276825362
      3579699982
      501713787
      1784405218
      3987251947
      1460563941
      1372531538
      1479574814
      2050694811
      2867429155
      3373192039
      968223959
      1315340855
      563759027
      1277302533
      2564831995
      4174743461
      794844391
      1091389581
      3521416615
      779397152
      3672078093
      440563956
      765480627
      624
    Initial state of the Uniform random number generator for chain number 2:
      2
      3624866507
      846688490
      2733819477
      1447939927
      2751582963
      523383323
      3998955438
      1552125001
      468770929
      3174827423
      721042428
      3535242872
      3938247060
      2422198177
      2908759646
      3086638684
      3470362919
      4130561862
      1461945164
      1969357429
      3290893273
      2478135064
      2883471193
      442423807
      3020847284
      3712550376
      2942769362
      3450083884
      2131393448
      1760508619
      1079921617
      2926983472
      3248378587
      2176075610
      3115728347
      149850049
      1325979722
      2018146493
      3978444371
      1443587512
      3757974310
      4061506243
      3324845547
      103150772
      1574559537
      4189437470
      909936288
      4165778768
      954014960
      3460881122
      1208468472
      4206858865
      2349975855
      1139307511
      612263493
      4068230769
      836291891
      3502129241
      3858075069
      720214578
      1721800695
      1583913548
      3992130976
      1391510671
      3658451527
      3506172182
      3137165964
      3175921738
      668679341
      2981266823
      1736825536
      3777468269
      2427100335
      2783143307
      3066847320
      413674958
      3816771731
      3611810078
      2387881408
      1275125722
      4146169016
      4116607257
      1753188757
      2919070648
      642669239
      3128342921
      3505362734
      3299392025
      4041168539
      194806354
      2126204085
      1155372896
      3507921570
      4183642851
      390828735
      965876923
      2502060328
      3640719348
      500564950
      2958494162
      726085493
      3551417999
      1038946723
      2355966135
      2266502354
      2169734778
      103957955
      2239750491
      3497757066
      3960902779
      3919891399
      2708228292
      672443535
      3966344157
      3039186185
      3064219851
      3275966658
      1958870427
      3363207225
      1051359578
      1034488571
      4218333313
      3731099077
      826434970
      3066527807
      503397775
      2203570410
      1724486664
      1174354190
      379816557
      949285508
      1512592024
      4098586594
      4162106699
      1244073455
      4049526126
      149401994
      2486298108
      2645994433
      4048691067
      2760221413
      1429726385
      155150847
      263670059
      1839522184
      1971211423
      2988886249
      2906654795
      2763085410
      3184555126
      2428241499
      1912808117
      2344289693
      1914982229
      303251647
      3363291895
      1933606625
      4101500670
      3877744496
      2270413823
      1339668594
      2478854401
      2974781906
      1176295348
      1522792462
      3413763473
      1643164993
      1773585128
      600348566
      3831305432
      3739184658
      2927920737
      921239740
      2960516826
      653634535
      4282151379
      3899733953
      2848969276
      506667305
      2064254689
      2562889493
      1027730377
      2964297732
      1573662998
      1400221132
      604719003
      2600612834
      1086412828
      2839169326
      2237360922
      2533955895
      2173128617
      3585208888
      225649929
      3162402384
      2737400094
      945452241
      32174139
      4057815822
      3681149417
      538074139
      1665518193
      1290718971
      1204908910
      1752298136
      1576507435
      1950581601
      395392432
      3117768513
      1610510657
      582872851
      3882188371
      3486754405
      3612818708
      79522282
      3654222890
      554014214
      2795988792
      2699019453
      768333623
      1041848464
      1012203950
      3207710853
      2191875363
      2180736998
      3657761238
      2596779756
      1513261770
      298083836
      921966930
      2568544321
      480859735
      4268007484
      757985477
      442264484
      4253891744
      178333756
      3653303450
      2759887436
      1625051062
      2140496676
      2583817099
      109920000
      3849378804
      587135080
      3965692414
      3584128712
      2496889359
      4066788634
      3439502551
      1041005727
      2784445111
      4231212902
      3427909847
      306088099
      708846671
      1357224748
      81546947
      1013346034
      3328657534
      1140162390
      1617022297
      451026111
      4191194979
      2544038377
      3358406081
      2078869653
      1150523248
      3663542690
      2315642515
      380539204
      125351140
      2913559301
      3540242901
      1353142401
      2409055124
      3136483651
      3384539323
      2622200239
      1322006361
      60288721
      1836454543
      3378860321
      1028797830
      784192763
      3200015141
      4280866434
      3480136453
      1163505791
      1464340696
      39962560
      3132723172
      4035042531
      3968861574
      2859031456
      1997068818
      2914465192
      3299223356
      658977798
      2383986058
      3689451477
      1855211164
      613736992
      3399505872
      721916528
      1214953314
      1978881602
      1644160163
      868083487
      1886701425
      2430443623
      3238614545
      440178771
      4122051833
      168378845
      4075897453
      784209059
      2122211469
      1029375099
      3987445959
      1993353877
      3774218662
      259191900
      463709584
      3256509205
      2970214132
      32546389
      3103585745
      404744328
      1405060850
      3194833450
      2229644052
      1287997179
      1168559088
      4253642852
      456227059
      115590192
      959060034
      2523194717
      2921813711
      2660496694
      1661244122
      3949077694
      546088169
      3927753286
      758289299
      4076004698
      2818580089
      297327332
      391012690
      1698646201
      1827285496
      2057818526
      45927453
      4001566164
      1358792247
      340974259
      3667858693
      2116911813
      1716223164
      3870579962
      565768359
      1330729550
      1682620823
      640788379
      2642810005
      722202626
      3342124090
      1046670574
      1884608856
      926507664
      4048745540
      1013276792
      1474775246
      3319759394
      683213181
      3644095690
      4261137863
      1171395535
      1797066690
      2184942700
      3136450276
      2403915837
      19925339
      3530712424
      693454777
      4095102592
      2791708211
      2407398362
      191034814
      1405068157
      1635573108
      3002727858
      2503231482
      1877745251
      2971168822
      4095482385
      2810703016
      116218529
      663481365
      3424543450
      181543471
      2088477982
      3758013903
      4087811857
      2306315696
      1797804753
      3739876776
      1052678416
      2961962218
      530565411
      1084430187
      600176751
      2920770665
      1395657430
      2275563379
      1945041462
      2897291349
      3202120438
      2541033448
      3395594999
      1440745450
      554493022
      3604900030
      1693940026
      2048944369
      2776750171
      1064369609
      1004778234
      3631442000
      111252846
      2495206422
      1549492629
      1917957398
      2076623558
      2065193271
      3503495683
      305349558
      1064312453
      4180949297
      3969143923
      1187332586
      1837549170
      1199888411
      801451519
      878812761
      3366984668
      1132353467
      467740707
      1531220625
      1986847891
      3611709790
      97771638
      2599466580
      921040821
      3695024433
      598160515
      1067897977
      1070962312
      4203425140
      3330187456
      3176319421
      400150826
      1778712930
      1332512992
      356084631
      3210494822
      3878886472
      4217065068
      17324705
      1194519644
      169871241
      594168806
      4141353368
      2812067586
      1007574236
      3143655593
      1231988821
      990469891
      731912463
      3875269580
      3107901837
      3268884046
      51553093
      3265091870
      2827988823
      215460720
      1810208024
      235746758
      2640785160
      3542608605
      3212999042
      3019862381
      2776967609
      2566622134
      3136123892
      3329714175
      1537598558
      1111683694
      1831866047
      1527480555
      1374492744
      2861082564
      2283612438
      3725126365
      1934064016
      976785712
      1985214956
      1901883774
      3769548825
      1651881537
      3535350080
      2666996848
      287335676
      716617071
      1798766031
      2468831819
      2653018579
      2711800444
      2500416446
      1688315701
      3098398094
      2389050951
      259942469
      3096384070
      2434046690
      2292847
      2179858651
      860453038
      1112784056
      806844432
      2431840356
      3444142163
      491004326
      4117569173
      1468356934
      1230256668
      3558831243
      360563651
      1723242763
      2771827983
      555715903
      1690465018
      3642536487
      312708693
      2718279339
      3439997904
      3381092195
      269681413
      3040927775
      2538795672
      2982421226
      3983011761
      4012234084
      3807531726
      4152713741
      2675650483
      3522595843
      2603695663
      1139711729
      415442657
      821281271
      1153021862
      4196324887
      2034707481
      1146437550
      645908802
      3958160194
      1331866590
      3875612725
      2742273417
      2083607827
      1367028823
      3405229612
      926409162
      359084274
      428200891
      1580768777
      723559275
      390184571
      1966930892
      1114312487
      4049752645
      2713447910
      313516349
      1670939739
      2155242445
      415771127
      1060028352
      810510606
      1441723093
      3674555380
      1244922308
      1138369035
      2811021893
      4005351255
      1455276665
      3073897390
      1949184307
      4276825362
      3579699982
      501713787
      1784405218
      3987251947
      1460563941
      1372531538
      1479574814
      2050694811
      2867429155
      3373192039
      968223959
      1315340855
      563759027
      1277302533
      2564831995
      4174743461
      794844391
      1091389581
      3521416615
      779397152
      3672078093
      440563956
      765480627
      624
 

% Mh1Blck1 (20-Sep-2022 21:12:39)
 
  Number of simulations.: 735295
  Acceptance ratio......: 0.50231
  Feval per iteration...: 1
  Posterior mean........:
    params:1: 0.12316
    params:2: 0.019308
    params:3: 0.0040029
    params:4: 0.0037259
    params:5: 0.079719
    params:6: 0.0037086
    params:7: 0.99513
    params:8: 0.99544
    params:9: 0.67518
    params:10: 0.99543
    params:11: 0.99011
    params:12: 0.24153
    params:13: 0.28795
    params:14: 0.095982
    params:15: 5.2872
    log2po:2659.7503
  Minimum value.........:
    params:1: 0.10089
    params:2: 0.015751
    params:3: 0.0028324
    params:4: 0.0019755
    params:5: 0.024444
    params:6: 0.0017682
    params:7: 0.98846
    params:8: 0.98244
    params:9: 0.41684
    params:10: 0.98878
    params:11: 0.95604
    params:12: 0.081892
    params:13: 0.22344
    params:14: 0.022174
    params:15: 0.97766
    log2po:2640.8219
  Maximum value.........:
    params:1: 0.1548
    params:2: 0.023893
    params:3: 0.0054053
    params:4: 0.0087226
    params:5: 0.22527
    params:6: 0.0065946
    params:7: 0.996
    params:8: 0.99996
    params:9: 0.90168
    params:10: 0.99897
    params:11: 0.99987
    params:12: 0.48991
    params:13: 0.3581
    params:14: 0.2518
    params:15: 9.4891
    log2po:2666.927
 

% Mh2Blck1 (20-Sep-2022 22:39:50)
 
  Number of simulations.: 735295
  Acceptance ratio......: 0.50942
  Feval per iteration...: 1
  Posterior mean........:
    params:1: 0.12304
    params:2: 0.01928
    params:3: 0.0039972
    params:4: 0.0036679
    params:5: 0.077226
    params:6: 0.0037175
    params:7: 0.99512
    params:8: 0.9954
    params:9: 0.67173
    params:10: 0.9955
    params:11: 0.9902
    params:12: 0.24343
    params:13: 0.28741
    params:14: 0.098097
    params:15: 5.2942
    log2po:2659.8502
  Minimum value.........:
    params:1: 0.099207
    params:2: 0.01581
    params:3: 0.002521
    params:4: 0.0018758
    params:5: 0.023609
    params:6: 0.0018186
    params:7: 0.98878
    params:8: 0.98365
    params:9: 0.42231
    params:10: 0.99051
    params:11: 0.95099
    params:12: 0.087075
    params:13: 0.21963
    params:14: 0.02836
    params:15: 1.4055
    log2po:2642.401
  Maximum value.........:
    params:1: 0.15074
    params:2: 0.023267
    params:3: 0.005428
    params:4: 0.0073832
    params:5: 0.19774
    params:6: 0.0061787
    params:7: 0.996
    params:8: 0.99999
    params:9: 0.85943
    params:10: 0.99895
    params:11: 0.99993
    params:12: 0.46106
    params:13: 0.36045
    params:14: 0.26056
    params:15: 9.8006
    log2po:2667.1585
 

% Mh3Blck1 (21-Sep-2022 00:08:07)
 
  Number of simulations.: 735295
  Acceptance ratio......: 0.51707
  Feval per iteration...: 1
  Posterior mean........:
    params:1: 0.12304
    params:2: 0.019281
    params:3: 0.0040078
    params:4: 0.0036969
    params:5: 0.074418
    params:6: 0.0037134
    params:7: 0.99513
    params:8: 0.99545
    params:9: 0.67329
    params:10: 0.99546
    params:11: 0.9903
    params:12: 0.24285
    params:13: 0.28751
    params:14: 0.099576
    params:15: 5.2893
    log2po:2659.8882
  Minimum value.........:
    params:1: 0.10129
    params:2: 0.015885
    params:3: 0.0028184
    params:4: 0.0019377
    params:5: 0.022915
    params:6: 0.0019268
    params:7: 0.98746
    params:8: 0.98344
    params:9: 0.43652
    params:10: 0.98913
    params:11: 0.95555
    params:12: 0.082882
    params:13: 0.2208
    params:14: 0.028732
    params:15: 1.3959
    log2po:2637.7669
  Maximum value.........:
    params:1: 0.15149
    params:2: 0.023118
    params:3: 0.0054713
    params:4: 0.0074571
    params:5: 0.17724
    params:6: 0.0063247
    params:7: 0.996
    params:8: 0.99998
    params:9: 0.88947
    params:10: 0.99883
    params:11: 0.99993
    params:12: 0.46708
    params:13: 0.35899
    params:14: 0.26652
    params:15: 9.7983
    log2po:2666.9609
 

% Mh4Blck1 (21-Sep-2022 01:35:14)
 
  Number of simulations.: 735295
  Acceptance ratio......: 0.51442
  Feval per iteration...: 1
  Posterior mean........:
    params:1: 0.123
    params:2: 0.019266
    params:3: 0.0040068
    params:4: 0.0037205
    params:5: 0.074234
    params:6: 0.0036946
    params:7: 0.99512
    params:8: 0.99538
    params:9: 0.67625
    params:10: 0.99542
    params:11: 0.99009
    params:12: 0.24309
    params:13: 0.28708
    params:14: 0.10148
    params:15: 5.3053
    log2po:2659.7193
  Minimum value.........:
    params:1: 0.098727
    params:2: 0.015441
    params:3: 0.002623
    params:4: 0.0019584
    params:5: 0.020559
    params:6: 0.001921
    params:7: 0.98728
    params:8: 0.97923
    params:9: 0.43059
    params:10: 0.98879
    params:11: 0.95336
    params:12: 0.076353
    params:13: 0.21716
    params:14: 0.02324
    params:15: 0.63442
    log2po:2642.9415
  Maximum value.........:
    params:1: 0.15157
    params:2: 0.023365
    params:3: 0.005539
    params:4: 0.0081185
    params:5: 0.18613
    params:6: 0.0059825
    params:7: 0.996
    params:8: 0.99996
    params:9: 0.88435
    params:10: 0.99902
    params:11: 0.99986
    params:12: 0.48029
    params:13: 0.35375
    params:14: 0.31216
    params:15: 9.7258
    log2po:2667.0922
 

% Mh5Blck1 (21-Sep-2022 03:02:27)
 
  Number of simulations.: 735295
  Acceptance ratio......: 0.50314
  Feval per iteration...: 1
  Posterior mean........:
    params:1: 0.12319
    params:2: 0.0193
    params:3: 0.004022
    params:4: 0.0036966
    params:5: 0.080431
    params:6: 0.003703
    params:7: 0.99511
    params:8: 0.99541
    params:9: 0.67335
    params:10: 0.99545
    params:11: 0.99012
    params:12: 0.24437
    params:13: 0.28765
    params:14: 0.096414
    params:15: 5.2951
    log2po:2659.7317
  Minimum value.........:
    params:1: 0.097131
    params:2: 0.015942
    params:3: 0.0027783
    params:4: 0.0019838
    params:5: 0.022387
    params:6: 0.0018831
    params:7: 0.98748
    params:8: 0.98291
    params:9: 0.43701
    params:10: 0.98989
    params:11: 0.95327
    params:12: 0.080862
    params:13: 0.20837
    params:14: 0.019619
    params:15: 1.1292
    log2po:2642.2209
  Maximum value.........:
    params:1: 0.15043
    params:2: 0.023594
    params:3: 0.0055278
    params:4: 0.0075939
    params:5: 0.26073
    params:6: 0.006119
    params:7: 0.996
    params:8: 0.99997
    params:9: 0.88034
    params:10: 0.99918
    params:11: 0.9999
    params:12: 0.47045
    params:13: 0.34996
    params:14: 0.26611
    params:15: 9.3728
    log2po:2667.0271
 

% Mh6Blck1 (21-Sep-2022 03:40:54)
 
  Number of simulations.: 323525
  Acceptance ratio......: 0.50987
  Feval per iteration...: 1
  Posterior mean........:
    params:1: 0.12294
    params:2: 0.019308
    params:3: 0.0040037
    params:4: 0.0036837
    params:5: 0.07202
    params:6: 0.0037144
    params:7: 0.9951
    params:8: 0.99538
    params:9: 0.67225
    params:10: 0.99546
    params:11: 0.99063
    params:12: 0.24493
    params:13: 0.2873
    params:14: 0.10565
    params:15: 5.291
    log2po:2659.7946
  Minimum value.........:
    params:1: 0.10183
    params:2: 0.016201
    params:3: 0.0028995
    params:4: 0.0020202
    params:5: 0.021747
    params:6: 0.0018997
    params:7: 0.98792
    params:8: 0.98234
    params:9: 0.47509
    params:10: 0.98986
    params:11: 0.96189
    params:12: 0.081348
    params:13: 0.22737
    params:14: 0.030619
    params:15: 1.2803
    log2po:2641.8107
  Maximum value.........:
    params:1: 0.15225
    params:2: 0.023979
    params:3: 0.0052916
    params:4: 0.0081341
    params:5: 0.17618
    params:6: 0.0059508
    params:7: 0.996
    params:8: 0.99996
    params:9: 0.87131
    params:10: 0.99913
    params:11: 0.99988
    params:12: 0.47416
    params:13: 0.3631
    params:14: 0.3031
    params:15: 9.7001
    log2po:2667.0059
 

% Mh1Blck2 (21-Sep-2022 05:08:07)
 
  Number of simulations.: 735295
  Acceptance ratio......: 0.51748
  Feval per iteration...: 1
  Posterior mean........:
    params:1: 0.12325
    params:2: 0.01931
    params:3: 0.0040124
    params:4: 0.0036931
    params:5: 0.076991
    params:6: 0.003712
    params:7: 0.99513
    params:8: 0.99544
    params:9: 0.67339
    params:10: 0.99551
    params:11: 0.99033
    params:12: 0.2434
    params:13: 0.28767
    params:14: 0.096044
    params:15: 5.2865
    log2po:2659.9281
  Minimum value.........:
    params:1: 0.099917
    params:2: 0.015799
    params:3: 0.0028077
    params:4: 0.0018321
    params:5: 0.02519
    params:6: 0.0018403
    params:7: 0.98925
    params:8: 0.98227
    params:9: 0.42539
    params:10: 0.99017
    params:11: 0.9509
    params:12: 0.083243
    params:13: 0.2191
    params:14: 0.024213
    params:15: 1.2637
    log2po:2639.827
  Maximum value.........:
    params:1: 0.1501
    params:2: 0.023324
    params:3: 0.0054796
    params:4: 0.0068797
    params:5: 0.21517
    params:6: 0.0060063
    params:7: 0.996
    params:8: 0.99995
    params:9: 0.85423
    params:10: 0.99884
    params:11: 0.9999
    params:12: 0.52516
    params:13: 0.35625
    params:14: 0.22712
    params:15: 10.0265
    log2po:2666.9794
 

% Mh2Blck2 (21-Sep-2022 06:35:13)
 
  Number of simulations.: 735295
  Acceptance ratio......: 0.49456
  Feval per iteration...: 1
  Posterior mean........:
    params:1: 0.12318
    params:2: 0.019283
    params:3: 0.004001
    params:4: 0.0036969
    params:5: 0.084332
    params:6: 0.0037096
    params:7: 0.99513
    params:8: 0.99545
    params:9: 0.67271
    params:10: 0.99544
    params:11: 0.98965
    params:12: 0.24119
    params:13: 0.28773
    params:14: 0.093159
    params:15: 5.3028
    log2po:2659.676
  Minimum value.........:
    params:1: 0.098536
    params:2: 0.016018
    params:3: 0.002699
    params:4: 0.0017919
    params:5: 0.024953
    params:6: 0.0018548
    params:7: 0.98904
    params:8: 0.98148
    params:9: 0.41971
    params:10: 0.98792
    params:11: 0.93905
    params:12: 0.076151
    params:13: 0.22193
    params:14: 0.021786
    params:15: 1.018
    log2po:2641.5928
  Maximum value.........:
    params:1: 0.15507
    params:2: 0.023414
    params:3: 0.0054039
    params:4: 0.008227
    params:5: 0.23991
    params:6: 0.00601
    params:7: 0.996
    params:8: 0.99999
    params:9: 0.88088
    params:10: 0.9988
    params:11: 0.99988
    params:12: 0.46111
    params:13: 0.34719
    params:14: 0.23569
    params:15: 9.8915
    log2po:2667.0462
 

% Mh3Blck2 (21-Sep-2022 08:02:13)
 
  Number of simulations.: 735295
  Acceptance ratio......: 0.50925
  Feval per iteration...: 1
  Posterior mean........:
    params:1: 0.12305
    params:2: 0.019309
    params:3: 0.0040113
    params:4: 0.0037001
    params:5: 0.078015
    params:6: 0.003712
    params:7: 0.99511
    params:8: 0.99536
    params:9: 0.67343
    params:10: 0.99546
    params:11: 0.99005
    params:12: 0.24474
    params:13: 0.28746
    params:14: 0.098568
    params:15: 5.3005
    log2po:2659.7709
  Minimum value.........:
    params:1: 0.098848
    params:2: 0.016041
    params:3: 0.0028123
    params:4: 0.0018986
    params:5: 0.022693
    params:6: 0.0018685
    params:7: 0.98715
    params:8: 0.98219
    params:9: 0.40362
    params:10: 0.98943
    params:11: 0.94953
    params:12: 0.081872
    params:13: 0.21122
    params:14: 0.023805
    params:15: 1.358
    log2po:2640.5877
  Maximum value.........:
    params:1: 0.1513
    params:2: 0.02368
    params:3: 0.0053395
    params:4: 0.0081552
    params:5: 0.23392
    params:6: 0.0061533
    params:7: 0.996
    params:8: 0.99998
    params:9: 0.86832
    params:10: 0.99897
    params:11: 0.99989
    params:12: 0.47713
    params:13: 0.35215
    params:14: 0.2478
    params:15: 10.1889
    log2po:2666.9053
 

% Mh4Blck2 (21-Sep-2022 09:29:18)
 
  Number of simulations.: 735295
  Acceptance ratio......: 0.51133
  Feval per iteration...: 1
  Posterior mean........:
    params:1: 0.12319
    params:2: 0.019299
    params:3: 0.0040155
    params:4: 0.0037385
    params:5: 0.074169
    params:6: 0.0037211
    params:7: 0.99512
    params:8: 0.99544
    params:9: 0.67524
    params:10: 0.9954
    params:11: 0.99017
    params:12: 0.24527
    params:13: 0.2876
    params:14: 0.10263
    params:15: 5.3018
    log2po:2659.7468
  Minimum value.........:
    params:1: 0.09952
    params:2: 0.016099
    params:3: 0.002635
    params:4: 0.0018478
    params:5: 0.02295
    params:6: 0.0020103
    params:7: 0.98805
    params:8: 0.98411
    params:9: 0.41513
    params:10: 0.9894
    params:11: 0.94842
    params:12: 0.078217
    params:13: 0.21833
    params:14: 0.029996
    params:15: 0.98141
    log2po:2642.7076
  Maximum value.........:
    params:1: 0.15599
    params:2: 0.023405
    params:3: 0.0056977
    params:4: 0.0083523
    params:5: 0.19164
    params:6: 0.006256
    params:7: 0.996
    params:8: 0.99997
    params:9: 0.8707
    params:10: 0.99906
    params:11: 0.99995
    params:12: 0.50254
    params:13: 0.3635
    params:14: 0.2716
    params:15: 9.5816
    log2po:2666.9801
 

% Mh5Blck2 (21-Sep-2022 10:56:18)
 
  Number of simulations.: 735295
  Acceptance ratio......: 0.47983
  Feval per iteration...: 1
  Posterior mean........:
    params:1: 0.12315
    params:2: 0.019264
    params:3: 0.0040122
    params:4: 0.0036857
    params:5: 0.089955
    params:6: 0.0036967
    params:7: 0.99512
    params:8: 0.9954
    params:9: 0.67262
    params:10: 0.99548
    params:11: 0.98955
    params:12: 0.24227
    params:13: 0.28794
    params:14: 0.091323
    params:15: 5.2714
    log2po:2659.53
  Minimum value.........:
    params:1: 0.10122
    params:2: 0.016051
    params:3: 0.0027189
    params:4: 0.0019988
    params:5: 0.022053
    params:6: 0.0019374
    params:7: 0.98715
    params:8: 0.98042
    params:9: 0.45548
    params:10: 0.99051
    params:11: 0.92225
    params:12: 0.088584
    params:13: 0.22423
    params:14: 0.016145
    params:15: 0.90817
    log2po:2643.3044
  Maximum value.........:
    params:1: 0.15347
    params:2: 0.023329
    params:3: 0.0055049
    params:4: 0.0068622
    params:5: 0.27689
    params:6: 0.0061894
    params:7: 0.996
    params:8: 0.99996
    params:9: 0.85141
    params:10: 0.99884
    params:11: 0.9999
    params:12: 0.47621
    params:13: 0.35825
    params:14: 0.28197
    params:15: 9.6772
    log2po:2667.301
 

% Mh6Blck2 (21-Sep-2022 11:34:21)
 
  Number of simulations.: 323525
  Acceptance ratio......: 0.48794
  Feval per iteration...: 1
  Posterior mean........:
    params:1: 0.1234
    params:2: 0.01929
    params:3: 0.0039989
    params:4: 0.0036101
    params:5: 0.086039
    params:6: 0.0037183
    params:7: 0.99514
    params:8: 0.99556
    params:9: 0.66691
    params:10: 0.99557
    params:11: 0.98985
    params:12: 0.24064
    params:13: 0.28768
    params:14: 0.089318
    params:15: 5.2787
    log2po:2659.8563
  Minimum value.........:
    params:1: 0.10256
    params:2: 0.01583
    params:3: 0.0028625
    params:4: 0.0020076
    params:5: 0.027022
    params:6: 0.0018252
    params:7: 0.98898
    params:8: 0.98484
    params:9: 0.42611
    params:10: 0.98978
    params:11: 0.95948
    params:12: 0.080964
    params:13: 0.2285
    params:14: 0.025256
    params:15: 1.9922
    log2po:2642.449
  Maximum value.........:
    params:1: 0.14971
    params:2: 0.023423
    params:3: 0.0054869
    params:4: 0.0068987
    params:5: 0.18585
    params:6: 0.0058799
    params:7: 0.996
    params:8: 0.99996
    params:9: 0.85777
    params:10: 0.99854
    params:11: 0.99982
    params:12: 0.45172
    params:13: 0.34551
    params:14: 0.2201
    params:15: 9.1845
    log2po:2666.9504
 
